Build started 5/8/2015 9:15:49 PM.
     1>Project "D:\CODE\workspace\MegaMan\MegaMan\MegaMan\MegaMan.vcxproj" on node 2 (Build target(s)).
     1>ClCompile:
         C:\Program Files (x86)\Microsoft Visual Studio 12.0\VC\bin\CL.exe /c /ZI /nologo /W3 /WX- /sdl /Od /Oy- /D _MBCS /Gm /EHsc /RTC1 /MDd /GS /fp:precise /Zc:wchar_t /Zc:forScope /Fo"Debug\\" /Fd"Debug\vc120.pdb" /Gd /TP /analyze- /errorReport:prompt GameObject.cpp MegaMan.cpp
         MegaMan.cpp
         c:\program files (x86)\microsoft directx sdk (june 2010)\include\dinput.h: DIRECTINPUT_VERSION undefined. Defaulting to version 0x0800
     1>d:\code\workspace\megaman\megaman\megaman\megaman.cpp(125): warning C4018: '<' : signed/unsigned mismatch
         GameObject.cpp
         c:\program files (x86)\microsoft directx sdk (june 2010)\include\dinput.h: DIRECTINPUT_VERSION undefined. Defaulting to version 0x0800
         Generating Code...
       Link:
         C:\Program Files (x86)\Microsoft Visual Studio 12.0\VC\bin\link.exe /ERRORREPORT:PROMPT /OUT:"D:\CODE\workspace\MegaMan\MegaMan\Debug\MegaMan.exe" /INCREMENTAL /NOLOGO d3d9.lib d3dx9.lib dinput8.lib dxguid.lib dsound.lib winmm.lib kernel32.lib user32.lib gdi32.lib winspool.lib comdlg32.lib advapi32.lib shell32.lib ole32.lib oleaut32.lib uuid.lib odbc32.lib odbccp32.lib /MANIFEST /MANIFESTUAC:"level='asInvoker' uiAccess='false'" /manifest:embed /DEBUG /PDB:"D:\CODE\workspace\MegaMan\MegaMan\Debug\MegaMan.pdb" /TLBID:1 /DYNAMICBASE /NXCOMPAT /IMPLIB:"D:\CODE\workspace\MegaMan\MegaMan\Debug\MegaMan.lib" /MACHINE:X86 Debug\Block.obj
         Debug\Camera.obj
         Debug\Collision.obj
         Debug\DXGraphic.obj
         Debug\DXInput.obj
         Debug\DXSound.obj
         Debug\Game.obj
         Debug\GameObject.obj
         Debug\GameWindows.obj
         Debug\MegaMan.obj
         Debug\PlayingScreen.obj
         Debug\QuadNode.obj
         Debug\Sprite.obj
         Debug\Texture.obj
         Debug\winMain.obj
         MegaMan.vcxproj -> D:\CODE\workspace\MegaMan\MegaMan\Debug\MegaMan.exe
     1>Done Building Project "D:\CODE\workspace\MegaMan\MegaMan\MegaMan\MegaMan.vcxproj" (Build target(s)).

Build succeeded.

Time Elapsed 00:00:23.95
