d:\code\workspace\megaman\megaman\megaman\debug\vc120.pdb
d:\code\workspace\megaman\megaman\megaman\debug\vc120.idb
d:\code\workspace\megaman\megaman\megaman\debug\block.obj
d:\code\workspace\megaman\megaman\megaman\debug\camera.obj
d:\code\workspace\megaman\megaman\megaman\debug\collision.obj
d:\code\workspace\megaman\megaman\megaman\debug\dxgraphic.obj
d:\code\workspace\megaman\megaman\megaman\debug\dxinput.obj
d:\code\workspace\megaman\megaman\megaman\debug\dxsound.obj
d:\code\workspace\megaman\megaman\megaman\debug\game.obj
d:\code\workspace\megaman\megaman\megaman\debug\gameobject.obj
d:\code\workspace\megaman\megaman\megaman\debug\gamewindows.obj
d:\code\workspace\megaman\megaman\megaman\debug\megaman.obj
d:\code\workspace\megaman\megaman\megaman\debug\playingscreen.obj
d:\code\workspace\megaman\megaman\megaman\debug\quadnode.obj
d:\code\workspace\megaman\megaman\megaman\debug\sprite.obj
d:\code\workspace\megaman\megaman\megaman\debug\texture.obj
d:\code\workspace\megaman\megaman\megaman\debug\winmain.obj
d:\code\workspace\megaman\megaman\debug\megaman.ilk
d:\code\workspace\megaman\megaman\debug\megaman.exe
d:\code\workspace\megaman\megaman\debug\megaman.pdb
d:\code\workspace\megaman\megaman\megaman\debug\megaman.tlog\cl.command.1.tlog
d:\code\workspace\megaman\megaman\megaman\debug\megaman.tlog\cl.read.1.tlog
d:\code\workspace\megaman\megaman\megaman\debug\megaman.tlog\cl.write.1.tlog
d:\code\workspace\megaman\megaman\megaman\debug\megaman.tlog\link.command.1.tlog
d:\code\workspace\megaman\megaman\megaman\debug\megaman.tlog\link.read.1.tlog
d:\code\workspace\megaman\megaman\megaman\debug\megaman.tlog\link.write.1.tlog
